<?xml version="1.0" encoding="UTF-8"?>
<testsuite xmlns:xsi="http://www.w3.org/2001/XMLSchema-instance" xsi:noNamespaceSchemaLocation="https://maven.apache.org/surefire/maven-surefire-plugin/xsd/surefire-test-report.xsd" name="TaxTest" time="0.461" tests="28" errors="0" skipped="0" failures="0">
  <properties>
    <property name="sun.desktop" value="windows"/>
    <property name="awt.toolkit" value="sun.awt.windows.WToolkit"/>
    <property name="java.specification.version" value="11"/>
    <property name="sun.cpu.isalist" value="amd64"/>
    <property name="sun.jnu.encoding" value="Cp1251"/>
    <property name="java.class.path" value="C:\Users\User\DZ24\DZ24\target\test-classes;C:\Users\User\DZ24\DZ24\target\classes;C:\Users\User\.m2\repository\org\junit\jupiter\junit-jupiter\5.7.0\junit-jupiter-5.7.0.jar;C:\Users\User\.m2\repository\org\junit\jupiter\junit-jupiter-api\5.7.0\junit-jupiter-api-5.7.0.jar;C:\Users\User\.m2\repository\org\apiguardian\apiguardian-api\1.1.0\apiguardian-api-1.1.0.jar;C:\Users\User\.m2\repository\org\opentest4j\opentest4j\1.2.0\opentest4j-1.2.0.jar;C:\Users\User\.m2\repository\org\junit\platform\junit-platform-commons\1.7.0\junit-platform-commons-1.7.0.jar;C:\Users\User\.m2\repository\org\junit\jupiter\junit-jupiter-params\5.7.0\junit-jupiter-params-5.7.0.jar;C:\Users\User\.m2\repository\org\junit\jupiter\junit-jupiter-engine\5.7.0\junit-jupiter-engine-5.7.0.jar;C:\Users\User\.m2\repository\org\junit\platform\junit-platform-engine\1.7.0\junit-platform-engine-1.7.0.jar;"/>
    <property name="java.vm.vendor" value="Amazon.com Inc."/>
    <property name="sun.arch.data.model" value="64"/>
    <property name="user.variant" value=""/>
    <property name="java.vendor.url" value="https://aws.amazon.com/corretto/"/>
    <property name="user.timezone" value="Europe/Moscow"/>
    <property name="java.vm.specification.version" value="11"/>
    <property name="os.name" value="Windows 8.1"/>
    <property name="sun.java.launcher" value="SUN_STANDARD"/>
    <property name="user.country" value="RU"/>
    <property name="sun.boot.library.path" value="C:\Users\User\.jdks\corretto-11.0.14\bin"/>
    <property name="sun.java.command" value="C:\Users\User\AppData\Local\Temp\surefire8318971914802857062\surefirebooter13403362169261715851.jar C:\Users\User\AppData\Local\Temp\surefire8318971914802857062 2022-03-29T21-26-47_252-jvmRun1 surefire6609472195943384834tmp surefire_06722734265232932609tmp"/>
    <property name="jdk.debug" value="release"/>
    <property name="surefire.test.class.path" value="C:\Users\User\DZ24\DZ24\target\test-classes;C:\Users\User\DZ24\DZ24\target\classes;C:\Users\User\.m2\repository\org\junit\jupiter\junit-jupiter\5.7.0\junit-jupiter-5.7.0.jar;C:\Users\User\.m2\repository\org\junit\jupiter\junit-jupiter-api\5.7.0\junit-jupiter-api-5.7.0.jar;C:\Users\User\.m2\repository\org\apiguardian\apiguardian-api\1.1.0\apiguardian-api-1.1.0.jar;C:\Users\User\.m2\repository\org\opentest4j\opentest4j\1.2.0\opentest4j-1.2.0.jar;C:\Users\User\.m2\repository\org\junit\platform\junit-platform-commons\1.7.0\junit-platform-commons-1.7.0.jar;C:\Users\User\.m2\repository\org\junit\jupiter\junit-jupiter-params\5.7.0\junit-jupiter-params-5.7.0.jar;C:\Users\User\.m2\repository\org\junit\jupiter\junit-jupiter-engine\5.7.0\junit-jupiter-engine-5.7.0.jar;C:\Users\User\.m2\repository\org\junit\platform\junit-platform-engine\1.7.0\junit-platform-engine-1.7.0.jar;"/>
    <property name="sun.cpu.endian" value="little"/>
    <property name="user.home" value="C:\Users\User"/>
    <property name="user.language" value="ru"/>
    <property name="java.specification.vendor" value="Oracle Corporation"/>
    <property name="java.version.date" value="2022-01-18"/>
    <property name="java.home" value="C:\Users\User\.jdks\corretto-11.0.14"/>
    <property name="file.separator" value="\"/>
    <property name="basedir" value="C:\Users\User\DZ24\DZ24"/>
    <property name="java.vm.compressedOopsMode" value="32-bit"/>
    <property name="line.separator" value="&#10;"/>
    <property name="java.specification.name" value="Java Platform API Specification"/>
    <property name="java.vm.specification.vendor" value="Oracle Corporation"/>
    <property name="java.awt.graphicsenv" value="sun.awt.Win32GraphicsEnvironment"/>
    <property name="surefire.real.class.path" value="C:\Users\User\AppData\Local\Temp\surefire8318971914802857062\surefirebooter13403362169261715851.jar"/>
    <property name="user.script" value=""/>
    <property name="sun.management.compiler" value="HotSpot 64-Bit Tiered Compilers"/>
    <property name="java.runtime.version" value="11.0.14+9-LTS"/>
    <property name="user.name" value="User"/>
    <property name="path.separator" value=";"/>
    <property name="os.version" value="6.3"/>
    <property name="java.runtime.name" value="OpenJDK Runtime Environment"/>
    <property name="file.encoding" value="Cp1251"/>
    <property name="java.vm.name" value="OpenJDK 64-Bit Server VM"/>
    <property name="java.vendor.version" value="Corretto-11.0.14.9.1"/>
    <property name="localRepository" value="C:\Users\User\.m2\repository"/>
    <property name="java.vendor.url.bug" value="https://github.com/corretto/corretto-11/issues/"/>
    <property name="java.io.tmpdir" value="C:\Users\User\AppData\Local\Temp\"/>
    <property name="idea.version" value="2021.3.1"/>
    <property name="java.version" value="11.0.14"/>
    <property name="user.dir" value="C:\Users\User\DZ24\DZ24"/>
    <property name="os.arch" value="amd64"/>
    <property name="java.vm.specification.name" value="Java Virtual Machine Specification"/>
    <property name="java.awt.printerjob" value="sun.awt.windows.WPrinterJob"/>
    <property name="sun.os.patch.level" value=""/>
    <property name="java.library.path" value="C:\Users\User\.jdks\corretto-11.0.14\bin;C:\Windows\Sun\Java\bin;C:\Windows\system32;C:\Windows;C:\Program Files (x86)\PerkinElmerInformatics\ChemOffice2018\ChemScript\Lib;C:\Program Files (x86)\Common Files\Oracle\Java\javapath;C:\Program Files (x86)\NVIDIA Corporation\PhysX\Common;C:\Program Files (x86)\Intel\iCLS Client\;C:\Program Files\Intel\iCLS Client\;C:\Windows\system32;C:\Windows;C:\Windows\System32\Wbem;C:\Windows\System32\WindowsPowerShell\v1.0\;C:\Program Files\Intel\Intel(R) Management Engine Components\DAL;C:\Program Files\Intel\Intel(R) Management Engine Components\IPT;C:\Program Files (x86)\Intel\Intel(R) Management Engine Components\DAL;C:\Program Files (x86)\Intel\Intel(R) Management Engine Components\IPT;C:\Program Files\Git\cmd;C:\Users\User\AppData\Local\Programs\Fiddler;."/>
    <property name="java.vm.info" value="mixed mode"/>
    <property name="java.vendor" value="Amazon.com Inc."/>
    <property name="java.vm.version" value="11.0.14+9-LTS"/>
    <property name="sun.io.unicode.encoding" value="UnicodeLittle"/>
    <property name="java.class.version" value="55.0"/>
  </properties>
  <testcase name="setExpensesTaxTest{double, double, double}[1]" classname="TaxTest" time="0.136"/>
  <testcase name="setExpensesTaxTest{double, double, double}[2]" classname="TaxTest" time="0"/>
  <testcase name="setExpensesTaxTest{double, double, double}[3]" classname="TaxTest" time="0"/>
  <testcase name="setExpensesTaxTest{double, double, double}[4]" classname="TaxTest" time="0.002"/>
  <testcase name="setExpensesTaxTest{double, double, double}[5]" classname="TaxTest" time="0.002"/>
  <testcase name="incomeTaxTest{double, double, double}[1]" classname="TaxTest" time="0.002"/>
  <testcase name="incomeTaxTest{double, double, double}[2]" classname="TaxTest" time="0.001"/>
  <testcase name="incomeTaxTest{double, double, double}[3]" classname="TaxTest" time="0.003"/>
  <testcase name="incomeTaxTest{double, double, double}[4]" classname="TaxTest" time="0.003"/>
  <testcase name="incomeTaxTest{double, double, double}[5]" classname="TaxTest" time="0.001"/>
  <testcase name="setIncomeTaxTestTest{double, double}[1]" classname="TaxTest" time="0.001"/>
  <testcase name="setIncomeTaxTestTest{double, double}[2]" classname="TaxTest" time="0.002"/>
  <testcase name="setIncomeTaxTestTest{double, double}[3]" classname="TaxTest" time="0"/>
  <testcase name="setIncomeTaxTestTest{double, double}[4]" classname="TaxTest" time="0.002"/>
  <testcase name="setIncomeTaxTestTest{double, double}[5]" classname="TaxTest" time="0"/>
  <testcase name="setIncomeTaxTestTest{double, double}[6]" classname="TaxTest" time="0.002"/>
  <testcase name="setIncomeTaxTestTest{double, double}[7]" classname="TaxTest" time="0.003"/>
  <testcase name="setIncomeTaxTestTest{double, double}[8]" classname="TaxTest" time="0"/>
  <testcase name="ExpensesTaxTest{double, double, double}[1]" classname="TaxTest" time="0"/>
  <testcase name="ExpensesTaxTest{double, double, double}[2]" classname="TaxTest" time="0"/>
  <testcase name="ExpensesTaxTest{double, double, double}[3]" classname="TaxTest" time="0"/>
  <testcase name="ExpensesTaxTest{double, double, double}[4]" classname="TaxTest" time="0"/>
  <testcase name="ExpensesTaxTest{double, double, double}[5]" classname="TaxTest" time="0.002"/>
  <testcase name="ExpensesTaxTest{double, double, double}[6]" classname="TaxTest" time="0"/>
  <testcase name="ExpensesTaxTest{double, double, double}[7]" classname="TaxTest" time="0.001"/>
  <testcase name="ExpensesTaxTest{double, double, double}[8]" classname="TaxTest" time="0.001"/>
  <testcase name="ExpensesTaxTest{double, double, double}[9]" classname="TaxTest" time="0.001"/>
  <testcase name="ExpensesTaxTest{double, double, double}[10]" classname="TaxTest" time="0.001"/>
</testsuite>